<?xml version="1.0" encoding="UTF-8"?>
<testsuite name="JUnit_Assignment.FractionTest" time="0.014" tests="29" errors="0" skipped="0" failures="0">
  <properties>
    <property name="java.runtime.name" value="Java(TM) SE Runtime Environment"/>
    <property name="sun.boot.library.path" value="C:\Program Files\Java\jdk1.6.0_45\jre\bin"/>
    <property name="java.vm.version" value="20.45-b01"/>
    <property name="java.vm.vendor" value="Sun Microsystems Inc."/>
    <property name="java.vendor.url" value="http://java.sun.com/"/>
    <property name="path.separator" value=";"/>
    <property name="guice.disable.misplaced.annotation.check" value="true"/>
    <property name="java.vm.name" value="Java HotSpot(TM) 64-Bit Server VM"/>
    <property name="file.encoding.pkg" value="sun.io"/>
    <property name="user.country" value="IN"/>
    <property name="sun.java.launcher" value="SUN_STANDARD"/>
    <property name="sun.os.patch.level" value="Service Pack 1"/>
    <property name="java.vm.specification.name" value="Java Virtual Machine Specification"/>
    <property name="user.dir" value="C:\Users\Accolite\workspace\JUnit_Assignment"/>
    <property name="java.runtime.version" value="1.6.0_45-b06"/>
    <property name="java.awt.graphicsenv" value="sun.awt.Win32GraphicsEnvironment"/>
    <property name="java.endorsed.dirs" value="C:\Program Files\Java\jdk1.6.0_45\jre\lib\endorsed"/>
    <property name="os.arch" value="amd64"/>
    <property name="java.io.tmpdir" value="C:\Users\Accolite\AppData\Local\Temp\"/>
    <property name="line.separator" value="&#10;"/>
    <property name="java.vm.specification.vendor" value="Sun Microsystems Inc."/>
    <property name="user.variant" value=""/>
    <property name="os.name" value="Windows 7"/>
    <property name="classworlds.conf" value="C:\Users\Accolite\workspace\.metadata\.plugins\org.eclipse.m2e.launching\launches\m2conf2163740591006154549.tmp"/>
    <property name="sun.jnu.encoding" value="Cp1252"/>
    <property name="java.library.path" value="C:\Program Files\Java\jdk1.6.0_45\jre\bin;C:\Windows\Sun\Java\bin;C:\Windows\system32;C:\Windows;C:\Program Files (x86)\Intel\iCLS Client\;C:\Program Files\Intel\iCLS Client\;C:\Windows\system32;C:\Windows;C:\Windows\System32\Wbem;C:\Windows\System32\WindowsPowerShell\v1.0\;C:\Program Files\Intel\Intel(R) Management Engine Components\DAL;C:\Program Files\Intel\Intel(R) Management Engine Components\IPT;C:\Program Files (x86)\Intel\Intel(R) Management Engine Components\DAL;C:\Program Files (x86)\Intel\Intel(R) Management Engine Components\IPT;C:\Program Files (x86)\Git\cmd;C:\Program Files\TortoiseSVN\bin;C:\Program Files\Java\jdk1.6.0_45\bin;E:\New folder\maven\apache-maven-3.2.2\bin;C:\Program Files (x86)\Microsoft SQL Server\110\Tools\Binn\;C:\Program Files\Microsoft SQL Server\110\Tools\Binn\;C:\Program Files\Microsoft SQL Server\110\DTS\Binn\;C:\Program Files (x86)\Microsoft SQL Server\100\Tools\Binn\VSShell\Common7\IDE\;C:\Program Files (x86)\Microsoft SQL Server\100\Tools\Binn\;C:\Program Files\Microsoft SQL Server\100\Tools\Binn\;C:\Program Files (x86)\Microsoft SQL Server\100\DTS\Binn\;C:\Program Files\TortoiseGit\bin;."/>
    <property name="java.specification.name" value="Java Platform API Specification"/>
    <property name="java.class.version" value="50.0"/>
    <property name="sun.management.compiler" value="HotSpot 64-Bit Tiered Compilers"/>
    <property name="os.version" value="6.1"/>
    <property name="user.home" value="C:\Users\Accolite"/>
    <property name="user.timezone" value="Asia/Calcutta"/>
    <property name="java.awt.printerjob" value="sun.awt.windows.WPrinterJob"/>
    <property name="file.encoding" value="Cp1252"/>
    <property name="java.specification.version" value="1.6"/>
    <property name="user.name" value="Accolite"/>
    <property name="java.class.path" value="/E:/New folder/eclipse_kepler/eclipse_kepler/configuration/org.eclipse.osgi/bundles/531/1/.cp/jars/plexus-classworlds-2.4.jar"/>
    <property name="java.vm.specification.version" value="1.0"/>
    <property name="sun.arch.data.model" value="64"/>
    <property name="java.home" value="C:\Program Files\Java\jdk1.6.0_45\jre"/>
    <property name="sun.java.command" value="org.codehaus.plexus.classworlds.launcher.Launcher -B clean package"/>
    <property name="java.specification.vendor" value="Sun Microsystems Inc."/>
    <property name="user.language" value="en"/>
    <property name="awt.toolkit" value="sun.awt.windows.WToolkit"/>
    <property name="java.vm.info" value="mixed mode"/>
    <property name="java.version" value="1.6.0_45"/>
    <property name="java.ext.dirs" value="C:\Program Files\Java\jdk1.6.0_45\jre\lib\ext;C:\Windows\Sun\Java\lib\ext"/>
    <property name="sun.boot.class.path" value="C:\Program Files\Java\jdk1.6.0_45\jre\lib\resources.jar;C:\Program Files\Java\jdk1.6.0_45\jre\lib\rt.jar;C:\Program Files\Java\jdk1.6.0_45\jre\lib\sunrsasign.jar;C:\Program Files\Java\jdk1.6.0_45\jre\lib\jsse.jar;C:\Program Files\Java\jdk1.6.0_45\jre\lib\jce.jar;C:\Program Files\Java\jdk1.6.0_45\jre\lib\charsets.jar;C:\Program Files\Java\jdk1.6.0_45\jre\lib\modules\jdk.boot.jar;C:\Program Files\Java\jdk1.6.0_45\jre\classes"/>
    <property name="java.vendor" value="Sun Microsystems Inc."/>
    <property name="maven.home" value="C:\Users\Accolite\workspace\JUnit_Assignment\EMBEDDED"/>
    <property name="file.separator" value="\"/>
    <property name="java.vendor.url.bug" value="http://java.sun.com/cgi-bin/bugreport.cgi"/>
    <property name="maven.bootclasspath" value="/E:/New folder/eclipse_kepler/eclipse_kepler/configuration/org.eclipse.osgi/bundles/531/1/.cp/jars/plexus-classworlds-2.4.jar"/>
    <property name="sun.cpu.endian" value="little"/>
    <property name="sun.io.unicode.encoding" value="UnicodeLittle"/>
    <property name="sun.desktop" value="windows"/>
    <property name="sun.cpu.isalist" value="amd64"/>
  </properties>
  <testcase name="testGetFraction_Deno_Zero" classname="JUnit_Assignment.FractionTest" time="0.01"/>
  <testcase name="testGetProperNumerator" classname="JUnit_Assignment.FractionTest" time="0"/>
  <testcase name="testFloatValue" classname="JUnit_Assignment.FractionTest" time="0"/>
  <testcase name="testGetFraction_Deno_negative" classname="JUnit_Assignment.FractionTest" time="0"/>
  <testcase name="testGetNumerator" classname="JUnit_Assignment.FractionTest" time="0"/>
  <testcase name="testAbs" classname="JUnit_Assignment.FractionTest" time="0"/>
  <testcase name="testAdd" classname="JUnit_Assignment.FractionTest" time="0"/>
  <testcase name="testPow" classname="JUnit_Assignment.FractionTest" time="0"/>
  <testcase name="testSubtract" classname="JUnit_Assignment.FractionTest" time="0"/>
  <testcase name="testToString" classname="JUnit_Assignment.FractionTest" time="0"/>
  <testcase name="testGetReducedFraction" classname="JUnit_Assignment.FractionTest" time="0"/>
  <testcase name="testCompareTo" classname="JUnit_Assignment.FractionTest" time="0"/>
  <testcase name="testGetProperWhole" classname="JUnit_Assignment.FractionTest" time="0"/>
  <testcase name="testReducedFraction_String_Null" classname="JUnit_Assignment.FractionTest" time="0"/>
  <testcase name="testConstants" classname="JUnit_Assignment.FractionTest" time="0"/>
  <testcase name="testToProperString" classname="JUnit_Assignment.FractionTest" time="0"/>
  <testcase name="testGetDenominator" classname="JUnit_Assignment.FractionTest" time="0"/>
  <testcase name="testMultiplyBy" classname="JUnit_Assignment.FractionTest" time="0"/>
  <testcase name="testLongValue" classname="JUnit_Assignment.FractionTest" time="0"/>
  <testcase name="testingHashCode" classname="JUnit_Assignment.FractionTest" time="0"/>
  <testcase name="testDivideBy" classname="JUnit_Assignment.FractionTest" time="0.001"/>
  <testcase name="testReducedFraction_String_Incorrect" classname="JUnit_Assignment.FractionTest" time="0"/>
  <testcase name="testIntValue" classname="JUnit_Assignment.FractionTest" time="0"/>
  <testcase name="testGetFraction_GreaterValues" classname="JUnit_Assignment.FractionTest" time="0.003"/>
  <testcase name="testEquals" classname="JUnit_Assignment.FractionTest" time="0"/>
  <testcase name="testInvert" classname="JUnit_Assignment.FractionTest" time="0"/>
  <testcase name="testNegate" classname="JUnit_Assignment.FractionTest" time="0"/>
  <testcase name="testReduce" classname="JUnit_Assignment.FractionTest" time="0"/>
  <testcase name="testDoubleValue" classname="JUnit_Assignment.FractionTest" time="0"/>
</testsuite>